app/libs/build/intermediates/manifest_merge_blame_file/release/manifest-merger-blame-release-report.txt
1<?xml version="1.0" encoding="utf-8"?>
2<manifest xmlns:android="http://schemas.android.com/apk/res/android"
3    package="com.dhinakaran.dgsofttech.worker"
4    android:versionCode="1"
5    android:versionName="1.0" >
6
7    <uses-sdk
8        android:minSdkVersion="21"
8-->src\main\AndroidManifest.xml
9        android:targetSdkVersion="29" />
9-->src\main\AndroidManifest.xml
10
11    <uses-permission android:name="android.permission.INTERNET" />
11-->src\main\AndroidManifest.xml:5:5-67
11-->src\main\AndroidManifest.xml:5:22-64
12    <uses-permission android:name="android.permission.ACCESS_NETWORK_STATE" />
12-->src\main\AndroidManifest.xml:6:5-79
12-->src\main\AndroidManifest.xml:6:22-76
13    <uses-permission android:name="android.permission.CHANGE_NETWORK_STATE" />
13-->src\main\AndroidManifest.xml:7:5-79
13-->src\main\AndroidManifest.xml:7:22-76
14    <uses-permission android:name="android.permission.READ_SMS" />
14-->src\main\AndroidManifest.xml:8:5-67
14-->src\main\AndroidManifest.xml:8:22-64
15    <uses-permission android:name="android.permission.RECEIVE_SMS" />
15-->src\main\AndroidManifest.xml:9:5-70
15-->src\main\AndroidManifest.xml:9:22-67
16    <uses-permission android:name="android.permission.WRITE_EXTERNAL_STORAGE" />
16-->[com.paytm.appinvokesdk:appinvokesdk:1.5] AndroidManifest.xml:10:5-81
16-->[com.paytm.appinvokesdk:appinvokesdk:1.5] AndroidManifest.xml:10:22-78
17    <uses-permission android:name="android.permission.READ_EXTERNAL_STORAGE" />
17-->[com.paytm.appinvokesdk:appinvokesdk:1.5] AndroidManifest.xml:11:5-80
17-->[com.paytm.appinvokesdk:appinvokesdk:1.5] AndroidManifest.xml:11:22-77
18    <uses-permission android:name="android.permission.READ_PHONE_STATE" />
18-->[com.paytm.easypay:easypay:8.7.3-appinvoke-1] AndroidManifest.xml:10:5-75
18-->[com.paytm.easypay:easypay:8.7.3-appinvoke-1] AndroidManifest.xml:10:22-72
19    <uses-permission android:name="android.permission.WAKE_LOCK" />
19-->[com.paytm.easypay:easypay:8.7.3-appinvoke-1] AndroidManifest.xml:11:5-68
19-->[com.paytm.easypay:easypay:8.7.3-appinvoke-1] AndroidManifest.xml:11:22-65
20
21    <application
21-->src\main\AndroidManifest.xml:11:5-55:19
22        android:allowBackup="true"
22-->src\main\AndroidManifest.xml:12:9-35
23        android:appComponentFactory="androidx.core.app.CoreComponentFactory"
23-->[androidx.core:core:1.3.0-rc01] AndroidManifest.xml:24:18-86
24        android:icon="@mipmap/ic_launcher"
24-->src\main\AndroidManifest.xml:13:9-43
25        android:label="@string/app_name"
25-->src\main\AndroidManifest.xml:14:9-41
26        android:roundIcon="@mipmap/ic_launcher_round"
26-->src\main\AndroidManifest.xml:15:9-54
27        android:supportsRtl="true"
27-->src\main\AndroidManifest.xml:16:9-35
28        android:theme="@style/AppTheme"
28-->src\main\AndroidManifest.xml:18:9-40
29        android:usesCleartextTraffic="true" >
29-->src\main\AndroidManifest.xml:17:9-44
30        <activity android:name="com.dhinakaran.dgsofttech.worker.contactUsActivity" />
30-->src\main\AndroidManifest.xml:19:9-64
30-->src\main\AndroidManifest.xml:19:19-52
31        <activity android:name="com.dhinakaran.dgsofttech.worker.searchActivity" />
31-->src\main\AndroidManifest.xml:20:9-52
31-->src\main\AndroidManifest.xml:20:19-49
32        <activity android:name="com.dhinakaran.dgsofttech.worker.otpVerificationActivity" />
32-->src\main\AndroidManifest.xml:21:9-61
32-->src\main\AndroidManifest.xml:21:19-58
33        <activity android:name="com.dhinakaran.dgsofttech.worker.orderConformed" />
33-->src\main\AndroidManifest.xml:22:9-52
33-->src\main\AndroidManifest.xml:22:19-49
34        <activity android:name="com.dhinakaran.dgsofttech.worker.paymentActivity" />
34-->src\main\AndroidManifest.xml:23:9-53
34-->src\main\AndroidManifest.xml:23:19-50
35        <activity android:name="com.dhinakaran.dgsofttech.worker.RegisterActivity" />
35-->src\main\AndroidManifest.xml:24:9-54
35-->src\main\AndroidManifest.xml:24:19-51
36        <activity android:name="com.dhinakaran.dgsofttech.worker.viewAllActivity" />
36-->src\main\AndroidManifest.xml:25:9-53
36-->src\main\AndroidManifest.xml:25:19-50
37        <activity android:name="com.dhinakaran.dgsofttech.worker.myaddresses" />
37-->src\main\AndroidManifest.xml:26:9-49
37-->src\main\AndroidManifest.xml:26:19-46
38        <activity android:name="com.dhinakaran.dgsofttech.worker.addnewaddress" /> <!-- <activity android:name=".addAddressActivity" /> -->
38-->src\main\AndroidManifest.xml:27:9-51
38-->src\main\AndroidManifest.xml:27:19-48
39        <activity android:name="com.dhinakaran.dgsofttech.worker.delivery" />
39-->src\main\AndroidManifest.xml:28:9-46
39-->src\main\AndroidManifest.xml:28:19-43
40        <activity android:name="com.dhinakaran.dgsofttech.worker.MyAccount" />
40-->src\main\AndroidManifest.xml:29:9-47
40-->src\main\AndroidManifest.xml:29:19-44
41        <activity android:name="com.dhinakaran.dgsofttech.worker.MyRewards" />
41-->src\main\AndroidManifest.xml:30:9-47
41-->src\main\AndroidManifest.xml:30:19-44
42        <activity android:name="com.dhinakaran.dgsofttech.worker.wishlist" />
42-->src\main\AndroidManifest.xml:31:9-46
42-->src\main\AndroidManifest.xml:31:19-43
43        <activity android:name="com.dhinakaran.dgsofttech.worker.OrderDetails" />
43-->src\main\AndroidManifest.xml:32:9-50
43-->src\main\AndroidManifest.xml:32:19-47
44        <activity android:name="com.dhinakaran.dgsofttech.worker.Orders" />
44-->src\main\AndroidManifest.xml:33:9-44
44-->src\main\AndroidManifest.xml:33:19-41
45        <activity android:name="com.dhinakaran.dgsofttech.worker.CartActivity" />
45-->src\main\AndroidManifest.xml:34:9-50
45-->src\main\AndroidManifest.xml:34:19-47
46        <activity android:name="com.dhinakaran.dgsofttech.worker.ProductDetailsActivity" />
46-->src\main\AndroidManifest.xml:35:9-60
46-->src\main\AndroidManifest.xml:35:19-57
47        <activity android:name="com.dhinakaran.dgsofttech.worker.CategoryActivity" />
47-->src\main\AndroidManifest.xml:36:9-54
47-->src\main\AndroidManifest.xml:36:19-51
48        <activity android:name="com.dhinakaran.dgsofttech.worker.forgotPass" />
48-->src\main\AndroidManifest.xml:37:9-48
48-->src\main\AndroidManifest.xml:37:19-45
49        <activity
49-->src\main\AndroidManifest.xml:38:9-42:59
50            android:name="com.dhinakaran.dgsofttech.worker.DashboardActivity"
50-->src\main\AndroidManifest.xml:39:13-46
51            android:label="@string/title_activity_dashboard"
51-->src\main\AndroidManifest.xml:40:13-61
52            android:screenOrientation="portrait"
52-->src\main\AndroidManifest.xml:41:13-49
53            android:theme="@style/AppTheme.NoActionBar" />
53-->src\main\AndroidManifest.xml:42:13-56
54        <activity android:name="com.dhinakaran.dgsofttech.worker.login" />
54-->src\main\AndroidManifest.xml:43:9-43
54-->src\main\AndroidManifest.xml:43:19-40
55        <activity android:name="com.dhinakaran.dgsofttech.worker.MainActivity" >
55-->src\main\AndroidManifest.xml:44:9-50:20
55-->src\main\AndroidManifest.xml:44:19-47
56            <intent-filter>
56-->src\main\AndroidManifest.xml:45:13-49:29
57                <action android:name="android.intent.action.MAIN" />
57-->src\main\AndroidManifest.xml:46:17-69
57-->src\main\AndroidManifest.xml:46:25-66
58
59                <category android:name="android.intent.category.LAUNCHER" />
59-->src\main\AndroidManifest.xml:48:17-77
59-->src\main\AndroidManifest.xml:48:27-74
60            </intent-filter>
61        </activity>
62
63        <meta-data
63-->src\main\AndroidManifest.xml:52:9-54:55
64            android:name="com.razorpay.ApiKey"
64-->src\main\AndroidManifest.xml:53:13-47
65            android:value="rzp_test_E5rlG80rFw8dS0" />
65-->src\main\AndroidManifest.xml:54:13-52
66        <meta-data
66-->[com.firebaseui:firebase-ui-auth:6.2.0] AndroidManifest.xml:16:9-18:69
67            android:name="com.google.android.gms.version"
67-->[com.firebaseui:firebase-ui-auth:6.2.0] AndroidManifest.xml:17:13-58
68            android:value="@integer/google_play_services_version" />
68-->[com.firebaseui:firebase-ui-auth:6.2.0] AndroidManifest.xml:18:13-66
69        <meta-data
69-->[com.firebaseui:firebase-ui-auth:6.2.0] AndroidManifest.xml:19:9-21:63
70            android:name="com.facebook.sdk.ApplicationId"
70-->[com.firebaseui:firebase-ui-auth:6.2.0] AndroidManifest.xml:20:13-58
71            android:value="@string/facebook_application_id" />
71-->[com.firebaseui:firebase-ui-auth:6.2.0] AndroidManifest.xml:21:13-60
72
73        <activity
73-->[com.firebaseui:firebase-ui-auth:6.2.0] AndroidManifest.xml:23:9-27:61
74            android:name="com.firebase.ui.auth.KickoffActivity"
74-->[com.firebaseui:firebase-ui-auth:6.2.0] AndroidManifest.xml:24:13-64
75            android:exported="false"
75-->[com.firebaseui:firebase-ui-auth:6.2.0] AndroidManifest.xml:25:13-37
76            android:label=""
76-->[com.firebaseui:firebase-ui-auth:6.2.0] AndroidManifest.xml:26:13-29
77            android:theme="@style/FirebaseUI.Transparent" />
77-->[com.firebaseui:firebase-ui-auth:6.2.0] AndroidManifest.xml:27:13-58
78        <activity
78-->[com.firebaseui:firebase-ui-auth:6.2.0] AndroidManifest.xml:28:9-32:61
79            android:name="com.firebase.ui.auth.ui.idp.SingleSignInActivity"
79-->[com.firebaseui:firebase-ui-auth:6.2.0] AndroidManifest.xml:29:13-76
80            android:exported="false"
80-->[com.firebaseui:firebase-ui-auth:6.2.0] AndroidManifest.xml:30:13-37
81            android:label=""
81-->[com.firebaseui:firebase-ui-auth:6.2.0] AndroidManifest.xml:31:13-29
82            android:theme="@style/FirebaseUI.Transparent" />
82-->[com.firebaseui:firebase-ui-auth:6.2.0] AndroidManifest.xml:32:13-58
83        <activity
83-->[com.firebaseui:firebase-ui-auth:6.2.0] AndroidManifest.xml:33:9-37:61
84            android:name="com.firebase.ui.auth.ui.credentials.CredentialSaveActivity"
84-->[com.firebaseui:firebase-ui-auth:6.2.0] AndroidManifest.xml:34:13-86
85            android:exported="false"
85-->[com.firebaseui:firebase-ui-auth:6.2.0] AndroidManifest.xml:35:13-37
86            android:label=""
86-->[com.firebaseui:firebase-ui-auth:6.2.0] AndroidManifest.xml:36:13-29
87            android:theme="@style/FirebaseUI.Transparent" />
87-->[com.firebaseui:firebase-ui-auth:6.2.0] AndroidManifest.xml:37:13-58
88        <activity
88-->[com.firebaseui:firebase-ui-auth:6.2.0] AndroidManifest.xml:38:9-42:58
89            android:name="com.firebase.ui.auth.ui.email.RecoverPasswordActivity"
89-->[com.firebaseui:firebase-ui-auth:6.2.0] AndroidManifest.xml:39:13-81
90            android:exported="false"
90-->[com.firebaseui:firebase-ui-auth:6.2.0] AndroidManifest.xml:40:13-37
91            android:label="@string/fui_title_recover_password_activity"
91-->[com.firebaseui:firebase-ui-auth:6.2.0] AndroidManifest.xml:41:13-72
92            android:windowSoftInputMode="adjustResize" />
92-->[com.firebaseui:firebase-ui-auth:6.2.0] AndroidManifest.xml:42:13-55
93        <activity
93-->[com.firebaseui:firebase-ui-auth:6.2.0] AndroidManifest.xml:43:9-47:58
94            android:name="com.firebase.ui.auth.ui.email.EmailActivity"
94-->[com.firebaseui:firebase-ui-auth:6.2.0] AndroidManifest.xml:44:13-71
95            android:exported="false"
95-->[com.firebaseui:firebase-ui-auth:6.2.0] AndroidManifest.xml:45:13-37
96            android:label="@string/fui_sign_in_default"
96-->[com.firebaseui:firebase-ui-auth:6.2.0] AndroidManifest.xml:46:13-56
97            android:windowSoftInputMode="adjustResize" />
97-->[com.firebaseui:firebase-ui-auth:6.2.0] AndroidManifest.xml:47:13-55
98        <activity
98-->[com.firebaseui:firebase-ui-auth:6.2.0] AndroidManifest.xml:48:9-52:77
99            android:name="com.firebase.ui.auth.ui.phone.PhoneActivity"
99-->[com.firebaseui:firebase-ui-auth:6.2.0] AndroidManifest.xml:49:13-71
100            android:exported="false"
100-->[com.firebaseui:firebase-ui-auth:6.2.0] AndroidManifest.xml:50:13-37
101            android:label="@string/fui_sign_in_with_phone_number"
101-->[com.firebaseui:firebase-ui-auth:6.2.0] AndroidManifest.xml:51:13-66
102            android:windowSoftInputMode="adjustResize|stateAlwaysVisible" />
102-->[com.firebaseui:firebase-ui-auth:6.2.0] AndroidManifest.xml:52:13-74
103        <activity
103-->[com.firebaseui:firebase-ui-auth:6.2.0] AndroidManifest.xml:53:9-57:58
104            android:name="com.firebase.ui.auth.ui.idp.WelcomeBackIdpPrompt"
104-->[com.firebaseui:firebase-ui-auth:6.2.0] AndroidManifest.xml:54:13-76
105            android:exported="false"
105-->[com.firebaseui:firebase-ui-auth:6.2.0] AndroidManifest.xml:55:13-37
106            android:label="@string/fui_title_welcome_back_idp_prompt"
106-->[com.firebaseui:firebase-ui-auth:6.2.0] AndroidManifest.xml:56:13-70
107            android:windowSoftInputMode="adjustResize" />
107-->[com.firebaseui:firebase-ui-auth:6.2.0] AndroidManifest.xml:57:13-55
108        <activity
108-->[com.firebaseui:firebase-ui-auth:6.2.0] AndroidManifest.xml:58:9-62:58
109            android:name="com.firebase.ui.auth.ui.email.WelcomeBackPasswordPrompt"
109-->[com.firebaseui:firebase-ui-auth:6.2.0] AndroidManifest.xml:59:13-83
110            android:exported="false"
110-->[com.firebaseui:firebase-ui-auth:6.2.0] AndroidManifest.xml:60:13-37
111            android:label="@string/fui_title_welcome_back_password_prompt"
111-->[com.firebaseui:firebase-ui-auth:6.2.0] AndroidManifest.xml:61:13-75
112            android:windowSoftInputMode="adjustResize" />
112-->[com.firebaseui:firebase-ui-auth:6.2.0] AndroidManifest.xml:62:13-55
113        <activity
113-->[com.firebaseui:firebase-ui-auth:6.2.0] AndroidManifest.xml:63:9-67:58
114            android:name="com.firebase.ui.auth.ui.email.WelcomeBackEmailLinkPrompt"
114-->[com.firebaseui:firebase-ui-auth:6.2.0] AndroidManifest.xml:64:13-84
115            android:exported="false"
115-->[com.firebaseui:firebase-ui-auth:6.2.0] AndroidManifest.xml:65:13-37
116            android:label="@string/fui_title_welcome_back_password_prompt"
116-->[com.firebaseui:firebase-ui-auth:6.2.0] AndroidManifest.xml:66:13-75
117            android:windowSoftInputMode="adjustResize" />
117-->[com.firebaseui:firebase-ui-auth:6.2.0] AndroidManifest.xml:67:13-55
118        <activity
118-->[com.firebaseui:firebase-ui-auth:6.2.0] AndroidManifest.xml:68:9-73:58
119            android:name="com.firebase.ui.auth.ui.email.EmailLinkCatcherActivity"
119-->[com.firebaseui:firebase-ui-auth:6.2.0] AndroidManifest.xml:69:13-82
120            android:exported="false"
120-->[com.firebaseui:firebase-ui-auth:6.2.0] AndroidManifest.xml:70:13-37
121            android:label=""
121-->[com.firebaseui:firebase-ui-auth:6.2.0] AndroidManifest.xml:71:13-29
122            android:theme="@style/FirebaseUI.Transparent"
122-->[com.firebaseui:firebase-ui-auth:6.2.0] AndroidManifest.xml:72:13-58
123            android:windowSoftInputMode="adjustResize" />
123-->[com.firebaseui:firebase-ui-auth:6.2.0] AndroidManifest.xml:73:13-55
124        <activity
124-->[com.firebaseui:firebase-ui-auth:6.2.0] AndroidManifest.xml:74:9-78:58
125            android:name="com.firebase.ui.auth.ui.email.EmailLinkErrorRecoveryActivity"
125-->[com.firebaseui:firebase-ui-auth:6.2.0] AndroidManifest.xml:75:13-88
126            android:exported="false"
126-->[com.firebaseui:firebase-ui-auth:6.2.0] AndroidManifest.xml:76:13-37
127            android:label="@string/fui_sign_in_default"
127-->[com.firebaseui:firebase-ui-auth:6.2.0] AndroidManifest.xml:77:13-56
128            android:windowSoftInputMode="adjustResize" />
128-->[com.firebaseui:firebase-ui-auth:6.2.0] AndroidManifest.xml:78:13-55
129        <activity
129-->[com.firebaseui:firebase-ui-auth:6.2.0] AndroidManifest.xml:79:9-82:65
130            android:name="com.firebase.ui.auth.ui.idp.AuthMethodPickerActivity"
130-->[com.firebaseui:firebase-ui-auth:6.2.0] AndroidManifest.xml:80:13-80
131            android:exported="false"
131-->[com.firebaseui:firebase-ui-auth:6.2.0] AndroidManifest.xml:81:13-37
132            android:label="@string/fui_default_toolbar_title" />
132-->[com.firebaseui:firebase-ui-auth:6.2.0] AndroidManifest.xml:82:13-62
133        <activity
133-->[com.firebaseui:firebase-ui-auth:6.2.0] AndroidManifest.xml:83:9-87:48
134            android:name="com.facebook.FacebookActivity"
134-->[com.firebaseui:firebase-ui-auth:6.2.0] AndroidManifest.xml:84:13-57
135            android:configChanges="keyboard|keyboardHidden|screenLayout|screenSize|orientation"
135-->[com.firebaseui:firebase-ui-auth:6.2.0] AndroidManifest.xml:85:13-96
136            android:label="@string/app_name" />
136-->[com.firebaseui:firebase-ui-auth:6.2.0] AndroidManifest.xml:86:13-45
137        <activity
137-->[com.firebaseui:firebase-ui-auth:6.2.0] AndroidManifest.xml:88:9-100:20
138            android:name="com.facebook.CustomTabActivity"
138-->[com.firebaseui:firebase-ui-auth:6.2.0] AndroidManifest.xml:89:13-58
139            android:exported="true" >
139-->[com.firebaseui:firebase-ui-auth:6.2.0] AndroidManifest.xml:90:13-36
140            <intent-filter>
140-->[com.firebaseui:firebase-ui-auth:6.2.0] AndroidManifest.xml:92:13-99:29
141                <action android:name="android.intent.action.VIEW" />
141-->[com.firebaseui:firebase-ui-auth:6.2.0] AndroidManifest.xml:93:17-69
141-->[com.firebaseui:firebase-ui-auth:6.2.0] AndroidManifest.xml:93:25-66
142
143                <category android:name="android.intent.category.DEFAULT" />
143-->[com.firebaseui:firebase-ui-auth:6.2.0] AndroidManifest.xml:95:17-76
143-->[com.firebaseui:firebase-ui-auth:6.2.0] AndroidManifest.xml:95:27-73
144                <category android:name="android.intent.category.BROWSABLE" />
144-->[com.firebaseui:firebase-ui-auth:6.2.0] AndroidManifest.xml:96:17-78
144-->[com.firebaseui:firebase-ui-auth:6.2.0] AndroidManifest.xml:96:27-75
145
146                <data android:scheme="@string/facebook_login_protocol_scheme" />
146-->[com.firebaseui:firebase-ui-auth:6.2.0] AndroidManifest.xml:98:17-81
146-->[com.firebaseui:firebase-ui-auth:6.2.0] AndroidManifest.xml:98:23-78
147            </intent-filter>
148        </activity>
149
150        <provider
150-->[com.firebaseui:firebase-ui-auth:6.2.0] AndroidManifest.xml:102:9-106:38
151            android:name="com.firebase.ui.auth.data.client.AuthUiInitProvider"
151-->[com.firebaseui:firebase-ui-auth:6.2.0] AndroidManifest.xml:103:13-79
152            android:authorities="com.dhinakaran.dgsofttech.worker.authuiinitprovider"
152-->[com.firebaseui:firebase-ui-auth:6.2.0] AndroidManifest.xml:104:13-70
153            android:exported="false"
153-->[com.firebaseui:firebase-ui-auth:6.2.0] AndroidManifest.xml:105:13-37
154            android:initOrder="90" />
154-->[com.firebaseui:firebase-ui-auth:6.2.0] AndroidManifest.xml:106:13-35
155
156        <activity
156-->[com.paytm.appinvokesdk:appinvokesdk:1.5] AndroidManifest.xml:14:9-17:66
157            android:name="com.paytm.pgsdk.PaytmPGActivity"
157-->[com.paytm.appinvokesdk:appinvokesdk:1.5] AndroidManifest.xml:15:13-59
158            android:screenOrientation="portrait"
158-->[com.paytm.appinvokesdk:appinvokesdk:1.5] AndroidManifest.xml:16:13-49
159            android:theme="@style/Theme.AppCompat.NoActionBar" />
159-->[com.paytm.appinvokesdk:appinvokesdk:1.5] AndroidManifest.xml:17:13-63
160
161        <service
161-->[com.paytm.appinvokesdk:appinvokesdk:1.5] AndroidManifest.xml:19:9-21:40
162            android:name="com.paytm.pgsdk.IntentServicePostNotification"
162-->[com.paytm.appinvokesdk:appinvokesdk:1.5] AndroidManifest.xml:20:13-73
163            android:exported="false" />
163-->[com.paytm.appinvokesdk:appinvokesdk:1.5] AndroidManifest.xml:21:13-37
164        <service
164-->[com.paytm.appinvokesdk:appinvokesdk:1.5] AndroidManifest.xml:22:9-24:40
165            android:name="com.paytm.pgsdk.IntentServicePreNotification"
165-->[com.paytm.appinvokesdk:appinvokesdk:1.5] AndroidManifest.xml:23:13-72
166            android:exported="false" />
166-->[com.paytm.appinvokesdk:appinvokesdk:1.5] AndroidManifest.xml:24:13-37
167        <service
167-->[com.paytm.appinvokesdk:appinvokesdk:1.5] AndroidManifest.xml:25:9-28:39
168            android:name="easypay.utils.EasypayLoaderService"
168-->[com.paytm.appinvokesdk:appinvokesdk:1.5] AndroidManifest.xml:26:13-62
169            android:enabled="true"
169-->[com.paytm.appinvokesdk:appinvokesdk:1.5] AndroidManifest.xml:27:13-35
170            android:exported="true" />
170-->[com.paytm.appinvokesdk:appinvokesdk:1.5] AndroidManifest.xml:28:13-36
171        <service
171-->[com.paytm.appinvokesdk:appinvokesdk:1.5] AndroidManifest.xml:29:9-32:39
172            android:name="easypay.utils.AnalyticsService"
172-->[com.paytm.appinvokesdk:appinvokesdk:1.5] AndroidManifest.xml:30:13-58
173            android:enabled="true"
173-->[com.paytm.appinvokesdk:appinvokesdk:1.5] AndroidManifest.xml:31:13-35
174            android:exported="true"
174-->[com.paytm.appinvokesdk:appinvokesdk:1.5] AndroidManifest.xml:32:13-36
175            android:permission="android.permission.BIND_JOB_SERVICE" />
175-->[com.paytm.easypay:easypay:8.7.3-appinvoke-1] AndroidManifest.xml:22:13-69
176        <service
176-->[com.paytm.easypay:easypay:8.7.3-appinvoke-1] AndroidManifest.xml:14:9-17:72
177            android:name="easypay.utils.EasyPayConfigDownloader"
177-->[com.paytm.easypay:easypay:8.7.3-appinvoke-1] AndroidManifest.xml:15:13-65
178            android:exported="true"
178-->[com.paytm.easypay:easypay:8.7.3-appinvoke-1] AndroidManifest.xml:16:13-36
179            android:permission="android.permission.BIND_JOB_SERVICE" />
179-->[com.paytm.easypay:easypay:8.7.3-appinvoke-1] AndroidManifest.xml:17:13-69
180
181        <activity android:name="easypay.AnalyticsManagerInfoDisplayActivity" />
181-->[com.paytm.easypay:easypay:8.7.3-appinvoke-1] AndroidManifest.xml:24:9-80
181-->[com.paytm.easypay:easypay:8.7.3-appinvoke-1] AndroidManifest.xml:24:19-77
182
183        <service
183-->[com.google.firebase:firebase-firestore:21.5.0] AndroidManifest.xml:17:9-23:19
184            android:name="com.google.firebase.components.ComponentDiscoveryService"
184-->[com.google.firebase:firebase-firestore:21.5.0] AndroidManifest.xml:18:13-84
185            android:directBootAware="true"
185-->[com.google.firebase:firebase-common:19.3.0] AndroidManifest.xml:34:13-43
186            android:exported="false" >
186-->[com.google.firebase:firebase-firestore:21.5.0] AndroidManifest.xml:19:13-37
187            <meta-data
187-->[com.google.firebase:firebase-firestore:21.5.0] AndroidManifest.xml:20:13-22:85
188                android:name="com.google.firebase.components:com.google.firebase.firestore.FirestoreRegistrar"
188-->[com.google.firebase:firebase-firestore:21.5.0] AndroidManifest.xml:21:17-111
189                android:value="com.google.firebase.components.ComponentRegistrar" />
189-->[com.google.firebase:firebase-firestore:21.5.0] AndroidManifest.xml:22:17-82
190            <meta-data
190-->[com.google.firebase:firebase-auth:19.3.2] AndroidManifest.xml:36:13-38:85
191                android:name="com.google.firebase.components:com.google.firebase.auth.FirebaseAuthRegistrar"
191-->[com.google.firebase:firebase-auth:19.3.2] AndroidManifest.xml:37:17-109
192                android:value="com.google.firebase.components.ComponentRegistrar" />
192-->[com.google.firebase:firebase-auth:19.3.2] AndroidManifest.xml:38:17-82
193        </service>
194
195        <activity
195-->[com.google.firebase:firebase-auth:19.3.2] AndroidManifest.xml:24:9-31:50
196            android:name="com.google.firebase.auth.internal.FederatedSignInActivity"
196-->[com.google.firebase:firebase-auth:19.3.2] AndroidManifest.xml:25:13-85
197            android:excludeFromRecents="true"
197-->[com.google.firebase:firebase-auth:19.3.2] AndroidManifest.xml:26:13-46
198            android:exported="true"
198-->[com.google.firebase:firebase-auth:19.3.2] AndroidManifest.xml:27:13-36
199            android:launchMode="singleTask"
199-->[com.google.firebase:firebase-auth:19.3.2] AndroidManifest.xml:28:13-44
200            android:permission="com.google.firebase.auth.api.gms.permission.LAUNCH_FEDERATED_SIGN_IN"
200-->[com.google.firebase:firebase-auth:19.3.2] AndroidManifest.xml:29:13-102
201            android:theme="@android:style/Theme.Translucent.NoTitleBar" />
201-->[com.google.firebase:firebase-auth:19.3.2] AndroidManifest.xml:30:13-72
202
203        <provider
203-->[com.squareup.picasso:picasso:2.71828] AndroidManifest.xml:8:9-11:40
204            android:name="com.squareup.picasso.PicassoProvider"
204-->[com.squareup.picasso:picasso:2.71828] AndroidManifest.xml:9:13-64
205            android:authorities="com.dhinakaran.dgsofttech.worker.com.squareup.picasso"
205-->[com.squareup.picasso:picasso:2.71828] AndroidManifest.xml:10:13-72
206            android:exported="false" />
206-->[com.squareup.picasso:picasso:2.71828] AndroidManifest.xml:11:13-37
207
208        <receiver android:name="com.razorpay.RzpTokenReceiver" >
208-->[com.razorpay:checkout:1.5.16] AndroidManifest.xml:12:9-16:20
208-->[com.razorpay:checkout:1.5.16] AndroidManifest.xml:12:19-63
209            <intent-filter>
209-->[com.razorpay:checkout:1.5.16] AndroidManifest.xml:13:13-15:29
210                <action android:name="rzp.device_token.share" />
210-->[com.razorpay:checkout:1.5.16] AndroidManifest.xml:14:17-65
210-->[com.razorpay:checkout:1.5.16] AndroidManifest.xml:14:25-62
211            </intent-filter>
212        </receiver>
213
214        <activity
214-->[com.razorpay:checkout:1.5.16] AndroidManifest.xml:18:9-29:20
215            android:name="com.razorpay.CheckoutActivity"
215-->[com.razorpay:checkout:1.5.16] AndroidManifest.xml:19:13-57
216            android:configChanges="keyboard|keyboardHidden|orientation|screenSize"
216-->[com.razorpay:checkout:1.5.16] AndroidManifest.xml:20:13-83
217            android:theme="@style/CheckoutTheme" >
217-->[com.razorpay:checkout:1.5.16] AndroidManifest.xml:21:13-49
218            <intent-filter>
218-->[com.razorpay:checkout:1.5.16] AndroidManifest.xml:22:13-28:29
219                <action android:name="android.intent.action.MAIN" />
219-->src\main\AndroidManifest.xml:46:17-69
219-->src\main\AndroidManifest.xml:46:25-66
220
221                <data
221-->[com.firebaseui:firebase-ui-auth:6.2.0] AndroidManifest.xml:98:17-81
222                    android:host="rzp.io"
223                    android:scheme="io.rzp" />
223-->[com.firebaseui:firebase-ui-auth:6.2.0] AndroidManifest.xml:98:23-78
224            </intent-filter>
225        </activity>
226        <activity
226-->[com.google.android.gms:play-services-auth:17.0.0] AndroidManifest.xml:23:9-27:75
227            android:name="com.google.android.gms.auth.api.signin.internal.SignInHubActivity"
227-->[com.google.android.gms:play-services-auth:17.0.0] AndroidManifest.xml:24:13-93
228            android:excludeFromRecents="true"
228-->[com.google.android.gms:play-services-auth:17.0.0] AndroidManifest.xml:25:13-46
229            android:exported="false"
229-->[com.google.android.gms:play-services-auth:17.0.0] AndroidManifest.xml:26:13-37
230            android:theme="@android:style/Theme.Translucent.NoTitleBar" />
230-->[com.google.android.gms:play-services-auth:17.0.0] AndroidManifest.xml:27:13-72
231        <!--
232            Service handling Google Sign-In user revocation. For apps that do not integrate with
233            Google Sign-In, this service will never be started.
234        -->
235        <service
235-->[com.google.android.gms:play-services-auth:17.0.0] AndroidManifest.xml:33:9-36:110
236            android:name="com.google.android.gms.auth.api.signin.RevocationBoundService"
236-->[com.google.android.gms:play-services-auth:17.0.0] AndroidManifest.xml:34:13-89
237            android:exported="true"
237-->[com.google.android.gms:play-services-auth:17.0.0] AndroidManifest.xml:35:13-36
238            android:permission="com.google.android.gms.auth.api.signin.permission.REVOCATION_NOTIFICATION" />
238-->[com.google.android.gms:play-services-auth:17.0.0] AndroidManifest.xml:36:13-107
239
240        <activity
240-->[com.google.android.gms:play-services-base:17.1.0] AndroidManifest.xml:23:9-26:75
241            android:name="com.google.android.gms.common.api.GoogleApiActivity"
241-->[com.google.android.gms:play-services-base:17.1.0] AndroidManifest.xml:24:13-79
242            android:exported="false"
242-->[com.google.android.gms:play-services-base:17.1.0] AndroidManifest.xml:25:13-37
243            android:theme="@android:style/Theme.Translucent.NoTitleBar" />
243-->[com.google.android.gms:play-services-base:17.1.0] AndroidManifest.xml:26:13-72
244
245        <provider
245-->[com.google.firebase:firebase-common:19.3.0] AndroidManifest.xml:26:9-30:39
246            android:name="com.google.firebase.provider.FirebaseInitProvider"
246-->[com.google.firebase:firebase-common:19.3.0] AndroidManifest.xml:27:13-77
247            android:authorities="com.dhinakaran.dgsofttech.worker.firebaseinitprovider"
247-->[com.google.firebase:firebase-common:19.3.0] AndroidManifest.xml:28:13-72
248            android:exported="false"
248-->[com.google.firebase:firebase-common:19.3.0] AndroidManifest.xml:29:13-37
249            android:initOrder="100" />
249-->[com.google.firebase:firebase-common:19.3.0] AndroidManifest.xml:30:13-36
250        <provider
250-->[androidx.lifecycle:lifecycle-process:2.2.0] AndroidManifest.xml:25:9-29:43
251            android:name="androidx.lifecycle.ProcessLifecycleOwnerInitializer"
251-->[androidx.lifecycle:lifecycle-process:2.2.0] AndroidManifest.xml:26:13-79
252            android:authorities="com.dhinakaran.dgsofttech.worker.lifecycle-process"
252-->[androidx.lifecycle:lifecycle-process:2.2.0] AndroidManifest.xml:27:13-69
253            android:exported="false"
253-->[androidx.lifecycle:lifecycle-process:2.2.0] AndroidManifest.xml:28:13-37
254            android:multiprocess="true" />
254-->[androidx.lifecycle:lifecycle-process:2.2.0] AndroidManifest.xml:29:13-40